[mcoach.in/prodiva-landing-page/index.html]
[backblue.gif]
[fade.gif]
[index.html]
[mcoach.in/wp-content/cache/wmac/css/wmac_single_ec96e53e57b5d34f762d567cdb29a312.css]
[mcoach.in/wp-content/plugins/cookie-notice/css/front.min.css]
[mcoach.in/wp-content/cache/wmac/css/wmac_single_7fd78a88a9081f2107f37370f2cc43ec.css]
[mcoach.in/wp-content/themes/oceanwp/assets/css/third/font-awesome.min.css]
[mcoach.in/wp-content/cache/wmac/css/wmac_single_0371b5a2d50e985b09b7d337edc0dc9f.css]
[mcoach.in/wp-content/cache/wmac/css/wmac_single_b1bdaeac4065bf67a7d7a06213192964.css]
[mcoach.in/wp-content/cache/wmac/css/wmac_single_7b1c39bc344c31838599a690e01ef763.css]
[mcoach.in/wp-content/cache/wmac/css/wmac_single_1aaa8beecce19062646761f002462694.css]
[mcoach.in/wp-content/cache/wmac/css/wmac_single_deb412bc3f9d1b9c00c383db0188e4ca.css]
[mcoach.in/wp-content/themes/oceanwp/assets/css/third/simple-line-icons.min.css]
[mcoach.in/wp-content/themes/oceanwp/assets/css/third/magnific-popup.min.css]
[mcoach.in/wp-content/themes/oceanwp/assets/css/third/slick.min.css]
[mcoach.in/wp-content/themes/oceanwp/assets/css/style.min.css]
[mcoach.in/wp-content/cache/wmac/css/wmac_single_7f0ffdba502a89a04e625623bff6976d.css]
[mcoach.in/wp-content/cache/wmac/css/wmac_single_b68222a62d25704f82a7a07be99a7b3c.css]
[c0.wp.com/p/jetpack/6.8/_inc/social-logos/social-logos.min.css]
[c0.wp.com/p/jetpack/6.8/css/jetpack.css]
[c0.wp.com/c/4.9.8/wp-includes/js/jquery/jquery.js]
[c0.wp.com/c/4.9.8/wp-includes/js/jquery/jquery-migrate.min.js]
[mcoach.in/wp-content/plugins/ocean-extra/includes/widgets/js/mailchimp.min5010.js]
[c0.wp.com/p/jetpack/6.8/_inc/build/postmessage.min.js]
[c0.wp.com/p/jetpack/6.8/_inc/build/jquery.jetpack-resize.min.js]
[mcoach.in/wp-content/uploads/brizy/1600/assets/images/iW=5000&iH=any/e14b55b917ac1bc0ad9175bf51c08283.png]
[i0.wp.com/mcoach.in/wp-content/uploads/2018/08/cropped-Asset-2e43b.png]
[i0.wp.com/mcoach.in/wp-content/uploads/2018/08/cropped-Asset-298d8.png]
[i0.wp.com/mcoach.in/wp-content/uploads/2018/08/cropped-Asset-2f9b5.png]
[i1.wp.com/mcoach.in/wp-content/plugins/a3-lazy-load/assets/images/lazy_placeholderaeea.gif]
[mcoach.in/wp-content/uploads/brizy/1600/assets/images/iW=400&iH=55&oX=0&oY=0&cW=400&cH=55/c05e8919e42468b7f6f82d36baf2188e.png]
[mcoach.in/wp-content/uploads/brizy/1600/assets/images/iW=400&iH=490&oX=0&oY=0&cW=400&cH=490/2295b0591f402319da6ccc061bb49d02.png]
[mcoach.in/wp-content/uploads/brizy/1600/assets/images/iW=200&iH=28&oX=0&oY=0&cW=200&cH=28/c05e8919e42468b7f6f82d36baf2188e.png]
[c0.wp.com/p/jetpack/6.8/_inc/build/photon/photon.min.js]
[mcoach.in/wp-content/plugins/contact-form-7-multi-step-module/resources/cf7msm.min6173.js]
[mcoach.in/wp-content/plugins/contact-form-7/includes/js/scripts1748.js]
[mcoach.in/wp-content/plugins/cookie-notice/js/front.minfe9e.js]
[s0.wp.com/wp-content/js/devicepx-jetpackb721.js]
[c0.wp.com/c/4.9.8/wp-includes/js/imagesloaded.min.js]
[c0.wp.com/c/4.9.8/wp-includes/js/masonry.min.js]
[c0.wp.com/c/4.9.8/wp-includes/js/jquery/jquery.masonry.min.js]
[mcoach.in/wp-content/plugins/templatesnext-toolkit/js/owl.carousel.min9e1e.js]
[mcoach.in/wp-content/plugins/templatesnext-toolkit/js/jquery.colorbox-minac45.js]
[mcoach.in/wp-content/plugins/templatesnext-toolkit/js/jquery.inview.min8a54.js]
[mcoach.in/wp-content/plugins/templatesnext-toolkit/js/tx-script4a02.js]
[mcoach.in/wp-content/plugins/wpcf7-redirect/js/wpcf7-redirect-script.js]
[secure.gravatar.com/js/gprofilesb9fb.js]
[c0.wp.com/p/jetpack/6.8/modules/wpgroho.js]
[mcoach.in/wp-content/themes/oceanwp/assets/js/third/magnific-popup.min7884.js]
[mcoach.in/wp-content/themes/oceanwp/assets/js/third/lightbox.min7884.js]
[c0.wp.com/p/jetpack/6.8/_inc/build/likes/queuehandler.min.js]
[mcoach.in/wp-content/themes/oceanwp/assets/js/main.min7884.js]
[mcoach.in/wp-content/plugins/a3-lazy-load/assets/js/jquery.lazyloadxt.extra.min3109.js]
[mcoach.in/wp-content/plugins/a3-lazy-load/assets/js/jquery.lazyloadxt.srcset.min3109.js]
[mcoach.in/wp-content/plugins/a3-lazy-load/assets/js/jquery.lazyloadxt.extend3109.js]
[c0.wp.com/c/4.9.8/wp-includes/js/wp-embed.min.js]
[mcoach.in/wp-content/plugins/brizy/public/editor-build/editor/js/preview2ae4.js]
[mcoach.in/prodiva-landing-page/index.html]
[mcoach.in/wp-content/cache/wmac/css/wmac_single_58be32b1de9286357161bd2936231a4f.css]
[mcoach.in/wp-content/cache/wmac/css/wmac_single_f78f924cf50c6ee6f499e3bcf81d7469.css]
[stats.wp.com/e-201848.js]
[mcoach.in/wp-content/plugins/contact-form-7/images/ajax-loader.gif]
[mcoach.in/wp-content/cache/wmac/css/wmac_single_ec96e53e57b5d34f762d567cdb29a312.css]
[mcoach.in/wp-content/cache/wmac/css/wmac_single_849d5b12e397fd959f9d0e170e20eefb.css]
[mcoach.in/wp-content/plugins/cookie-notice/css/front.min.css]
[mcoach.in/wp-content/plugins/popup-anything-on-click/assets/images/close.png]
[mcoach.in/wp-content/cache/wmac/css/wmac_single_7fd78a88a9081f2107f37370f2cc43ec.css]
[mcoach.in/wp-content/themes/oceanwp/assets/css/third/font-awesome.min.css]
[mcoach.in/wp-content/plugins/templatesnext-toolkit/css/grabbing.png]
[mcoach.in/wp-content/cache/wmac/css/wmac_single_0371b5a2d50e985b09b7d337edc0dc9f.css]
[mcoach.in/wp-content/cache/wmac/css/wmac_single_b1bdaeac4065bf67a7d7a06213192964.css]
[mcoach.in/wp-content/plugins/templatesnext-toolkit/css/images/overlay.png]
[mcoach.in/wp-content/cache/wmac/css/wmac_single_7b1c39bc344c31838599a690e01ef763.css]
[mcoach.in/wp-content/cache/wmac/css/wmac_single_1aaa8beecce19062646761f002462694.css]
[mcoach.in/wp-content/plugins/templatesnext-toolkit/css/images/vig-32.png]
[mcoach.in/wp-content/cache/wmac/css/wmac_single_deb412bc3f9d1b9c00c383db0188e4ca.css]
[mcoach.in/wp-content/themes/oceanwp/assets/css/third/simple-line-icons.min.css]
[mcoach.in/wp-content/themes/oceanwp/assets/css/third/magnific-popup.min.css]
[mcoach.in/wp-content/themes/oceanwp/assets/css/third/slick.min.css]
[mcoach.in/wp-content/themes/oceanwp/assets/css/style.min.css]
[mcoach.in/wp-content/plugins/a3-lazy-load/assets/css/loading.gif]
[mcoach.in/wp-content/cache/wmac/css/wmac_single_9c31b48bd0b4d3b8b0b6952a993f5161.css]
[mcoach.in/wp-content/uploads/sass/a3_lazy_load.min.css]
[mcoach.in/wp-content/plugins/ocean-extra/assets/img/instagram-logo.png]
[mcoach.in/wp-content/cache/wmac/css/wmac_single_7f0ffdba502a89a04e625623bff6976d.css]
[mcoach.in/wp-content/cache/wmac/css/wmac_single_b68222a62d25704f82a7a07be99a7b3c.css]
[c0.wp.com/p/jetpack/6.8/_inc/social-logos/social-logos6de4.eot]
[c0.wp.com/p/jetpack/6.8/_inc/social-logos/social-logosd41d.eot]
[c0.wp.com/p/jetpack/6.8/_inc/social-logos/social-logos6de4.ttf]
[c0.wp.com/p/jetpack/6.8/_inc/social-logos/social-logos.min.css]
[c0.wp.com/p/jetpack/6.8/modules/carousel/images/arrows.png]
[c0.wp.com/p/jetpack/6.8/modules/carousel/images/arrows-2x.png]
[c0.wp.com/p/jetpack/6.8/modules/carousel/images/carousel-spritee4da.png]
[c0.wp.com/p/jetpack/6.8/modules/carousel/images/carousel-sprite-2xe4da.png]
[c0.wp.com/p/jetpack/6.8/modules/shortcodes/img/slideshow-controls.png]
[c0.wp.com/p/jetpack/6.8/modules/shortcodes/img/slideshow-controls-2x.png]
[c0.wp.com/p/jetpack/6.8/modules/shortcodes/images/slide-nav.png]
[c0.wp.com/p/jetpack/6.8/modules/shortcodes/images/expand.png]
[c0.wp.com/p/jetpack/6.8/modules/shortcodes/images/collapse.png]
[secure.gravatar.com/images/grav-share-sprite.png]
[c0.wp.com/p/jetpack/6.8/css/jetpack.css]
[mcoach.in/wp-content/plugins/ocean-extra/includes/widgets/js/mailchimp.min5010.js]
[mcoach.in/wp-content/plugins/ocean-extra/includes/widgets/js/share.min5010.js]
[mcoach.in/wp-content/plugins/contact-form-7-multi-step-module/resources/cf7msm.min6173.js]
[mcoach.in/wp-content/plugins/contact-form-7/includes/js/scripts1748.js]
[mcoach.in/wp-content/plugins/cookie-notice/js/front.minfe9e.js]
[s0.wp.com/wp-content/js/devicepx-jetpackb721.js]
[mcoach.in/wp-content/plugins/templatesnext-toolkit/js/owl.carousel.min9e1e.js]
[mcoach.in/wp-content/plugins/templatesnext-toolkit/js/jquery.colorbox-minac45.js]
[mcoach.in/wp-content/plugins/templatesnext-toolkit/js/jquery.inview.min8a54.js]
[mcoach.in/wp-content/plugins/templatesnext-toolkit/js/tx-script4a02.js]
[mcoach.in/wp-content/plugins/wpcf7-redirect/js/wpcf7-redirect-script.js]
[pixel.wp.com/g9818.gif]
[secure.gravatar.com/js/gprofilesb9fb.js]
[mcoach.in/wp-content/themes/oceanwp/assets/js/third/magnific-popup.min7884.js]
[mcoach.in/wp-content/themes/oceanwp/assets/js/third/lightbox.min7884.js]
[mcoach.in/wp-content/themes/oceanwp/assets/js/main.min7884.js]
[mcoach.in/wp-content/plugins/a3-lazy-load/assets/js/jquery.lazyloadxt.extra.min3109.js]
[mcoach.in/wp-content/plugins/a3-lazy-load/assets/js/jquery.lazyloadxt.srcset.min3109.js]
[mcoach.in/wp-content/plugins/a3-lazy-load/assets/js/jquery.lazyloadxt.extend3109.js]
[cdn.polyfill.io/v2/polyfill6e80.html]
[mcoach.in/wp-content/plugins/brizy/public/editor-build/editor/js/preview2ae4.js]
[mcoach.in/prodiva-landing-page/ABCDEFGHIJKLMNOPQRSTUVWXYZabcdefghijklmnopqrstuvwxyz0123456789+/index.html]
[mcoach.in/prodiva-landing-page/g.gif]
[mcoach.in/prodiva-landing-page/c.gif]
[mcoach.in/prodiva-landing-page/t.gif]
[stats.wp.com/e-201848.js]
[mcoach.in/wp-content/plugins/templatesnext-toolkit/css/grabbing.html]
[mcoach.in/prodiva-landing-page/ABCDEFGHIJKLMNOPQRSTUVWXYZabcdefghijklmnopqrstuvwxyz0123456789+/index.html]
[mcoach.in/prodiva-landing-page/g.html]
[mcoach.in/prodiva-landing-page/c.html]
[mcoach.in/prodiva-landing-page/t.html]
